Using pre-set license
Built from '2021.2/staging' branch; Version is '2021.2.12f1 (48b1aa000234) revision 4764074'; Using compiler version '192829333'; Build Type 'Release'
OS: 'Windows 10  (10.0.19043) 64bit Core' Language: 'tr' Physical Memory: 16334 MB
BatchMode: 1, IsHumanControllingUs: 0, StartBugReporterOnCrash: 0, Is64bit: 1, IsPro: 0

COMMAND LINE ARGUMENTS:
C:\Program Files\Unity\Hub\Editor\2021.2.12f1\Editor\Unity.exe
-adb2
-batchMode
-noUpm
-name
AssetImportWorker1
-projectPath
C:/Users/onurs/OneDrive/Belgeler/GitHub/World-of-Science-Against-COVID
-logFile
Logs/AssetImportWorker1.log
-srvPort
63329
Successfully changed project path to: C:/Users/onurs/OneDrive/Belgeler/GitHub/World-of-Science-Against-COVID
C:/Users/onurs/OneDrive/Belgeler/GitHub/World-of-Science-Against-COVID
[UnityMemory] Configuration Parameters - Can be set up in boot.config
    "memorysetup-bucket-allocator-granularity=16"
    "memorysetup-bucket-allocator-bucket-count=8"
    "memorysetup-bucket-allocator-block-size=33554432"
    "memorysetup-bucket-allocator-block-count=8"
    "memorysetup-main-allocator-block-size=16777216"
    "memorysetup-thread-allocator-block-size=16777216"
    "memorysetup-gfx-main-allocator-block-size=16777216"
    "memorysetup-gfx-thread-allocator-block-size=16777216"
    "memorysetup-cache-allocator-block-size=4194304"
    "memorysetup-typetree-allocator-block-size=2097152"
    "memorysetup-profiler-bucket-allocator-granularity=16"
    "memorysetup-profiler-bucket-allocator-bucket-count=8"
    "memorysetup-profiler-bucket-allocator-block-size=33554432"
    "memorysetup-profiler-bucket-allocator-block-count=8"
    "memorysetup-profiler-allocator-block-size=16777216"
    "memorysetup-profiler-editor-allocator-block-size=1048576"
    "memorysetup-temp-allocator-size-main=16777216"
    "memorysetup-job-temp-allocator-block-size=2097152"
    "memorysetup-job-temp-allocator-block-size-background=1048576"
    "memorysetup-job-temp-allocator-reduction-small-platforms=262144"
    "memorysetup-temp-allocator-size-background-worker=32768"
    "memorysetup-temp-allocator-size-job-worker=262144"
    "memorysetup-temp-allocator-size-preload-manager=33554432"
    "memorysetup-temp-allocator-size-nav-mesh-worker=65536"
    "memorysetup-temp-allocator-size-audio-worker=65536"
    "memorysetup-temp-allocator-size-cloud-worker=32768"
    "memorysetup-temp-allocator-size-gi-baking-worker=262144"
    "memorysetup-temp-allocator-size-gfx=262144"
Refreshing native plugins compatible for Editor in 87.65 ms, found 3 plugins.
Preloading 0 native plugins for Editor in 0.00 ms.
Initialize engine version: 2021.2.12f1 (48b1aa000234)
[Subsystems] Discovering subsystems at path C:/Program Files/Unity/Hub/Editor/2021.2.12f1/Editor/Data/Resources/UnitySubsystems
[Subsystems] Discovering subsystems at path C:/Users/onurs/OneDrive/Belgeler/GitHub/World-of-Science-Against-COVID/Assets
GfxDevice: creating device client; threaded=0; jobified=0
Direct3D:
    Version:  Direct3D 11.0 [level 11.1]
    Renderer: NVIDIA GeForce GTX 1060 3GB (ID=0x1c02)
    Vendor:   NVIDIA
    VRAM:     2988 MB
    Driver:   27.21.14.6079
Initialize mono
Mono path[0] = 'C:/Program Files/Unity/Hub/Editor/2021.2.12f1/Editor/Data/Managed'
Mono path[1] = 'C:/Program Files/Unity/Hub/Editor/2021.2.12f1/Editor/Data/MonoBleedingEdge/lib/mono/unityjit-win32'
Mono config path = 'C:/Program Files/Unity/Hub/Editor/2021.2.12f1/Editor/Data/MonoBleedingEdge/etc'
Using monoOptions --debugger-agent=transport=dt_socket,embedding=1,server=y,suspend=n,address=127.0.0.1:56948
Begin MonoManager ReloadAssembly
Registering precompiled unity dll's ...
Register platform support module: C:/Program Files/Unity/Hub/Editor/2021.2.12f1/Editor/Data/PlaybackEngines/WindowsStandaloneSupport/UnityEditor.WindowsStandalone.Extensions.dll
Registered in 0.008101 seconds.
Native extension for WindowsStandalone target not found
Refreshing native plugins compatible for Editor in 84.68 ms, found 3 plugins.
Preloading 0 native plugins for Editor in 0.00 ms.
Mono: successfully reloaded assembly
- Completed reload, in  0.631 seconds
Domain Reload Profiling:
	ReloadAssembly (631ms)
		BeginReloadAssembly (75ms)
			ExecutionOrderSort (0ms)
			DisableScriptedObjects (0ms)
			BackupInstance (0ms)
			ReleaseScriptingObjects (0ms)
			CreateAndSetChildDomain (1ms)
		EndReloadAssembly (441ms)
			LoadAssemblies (72ms)
			RebuildTransferFunctionScriptingTraits (0ms)
			SetupTypeCache (103ms)
			ReleaseScriptCaches (0ms)
			RebuildScriptCaches (26ms)
			SetupLoadedEditorAssemblies (261ms)
				LogAssemblyErrors (0ms)
				InitializePlatformSupportModulesInManaged (8ms)
				SetLoadedEditorAssemblies (0ms)
				RefreshPlugins (85ms)
				BeforeProcessingInitializeOnLoad (1ms)
				ProcessInitializeOnLoadAttributes (124ms)
				ProcessInitializeOnLoadMethodAttributes (43ms)
				AfterProcessingInitializeOnLoad (0ms)
				EditorAssembliesLoaded (0ms)
			ExecutionOrderSort2 (0ms)
			AwakeInstancesAfterBackupRestoration (0ms)
Platform modules already initialized, skipping
Registering precompiled user dll's ...
Registered in 0.006389 seconds.
Begin MonoManager ReloadAssembly
Symbol file LoadedFromMemory doesn't match image C:\Users\onurs\OneDrive\Belgeler\GitHub\World-of-Science-Against-COVID\Library\PackageCache\com.unity.visualscripting@1.7.6\Editor\VisualScripting.Core\Dependencies\YamlDotNet\Unity.VisualScripting.YamlDotNet.dll
Symbol file LoadedFromMemory doesn't match image C:\Users\onurs\OneDrive\Belgeler\GitHub\World-of-Science-Against-COVID\Library\PackageCache\com.unity.visualscripting@1.7.6\Editor\VisualScripting.Core\Dependencies\DotNetZip\Unity.VisualScripting.IonicZip.dll
Native extension for WindowsStandalone target not found
Refreshing native plugins compatible for Editor in 0.72 ms, found 3 plugins.
Preloading 0 native plugins for Editor in 0.00 ms.
Mono: successfully reloaded assembly
- Completed reload, in  0.985 seconds
Domain Reload Profiling:
	ReloadAssembly (986ms)
		BeginReloadAssembly (106ms)
			ExecutionOrderSort (0ms)
			DisableScriptedObjects (5ms)
			BackupInstance (0ms)
			ReleaseScriptingObjects (0ms)
			CreateAndSetChildDomain (18ms)
		EndReloadAssembly (763ms)
			LoadAssemblies (72ms)
			RebuildTransferFunctionScriptingTraits (0ms)
			SetupTypeCache (241ms)
			ReleaseScriptCaches (1ms)
			RebuildScriptCaches (55ms)
			SetupLoadedEditorAssemblies (356ms)
				LogAssemblyErrors (0ms)
				InitializePlatformSupportModulesInManaged (6ms)
				SetLoadedEditorAssemblies (0ms)
				RefreshPlugins (1ms)
				BeforeProcessingInitializeOnLoad (77ms)
				ProcessInitializeOnLoadAttributes (242ms)
				ProcessInitializeOnLoadMethodAttributes (20ms)
				AfterProcessingInitializeOnLoad (9ms)
				EditorAssembliesLoaded (0ms)
			ExecutionOrderSort2 (0ms)
			AwakeInstancesAfterBackupRestoration (5ms)
Platform modules already initialized, skipping
========================================================================
Worker process is ready to serve import requests
Launched and connected shader compiler UnityShaderCompiler.exe after 0.05 seconds
Refreshing native plugins compatible for Editor in 0.73 ms, found 3 plugins.
Preloading 0 native plugins for Editor in 0.00 ms.
Unloading 3434 Unused Serialized files (Serialized files now loaded: 0)
Unloading 38 unused Assets / (508.9 KB). Loaded Objects now: 3925.
Memory consumption went from 143.8 MB to 143.3 MB.
Total: 3.420000 ms (FindLiveObjects: 0.350000 ms CreateObjectMapping: 0.102700 ms MarkObjects: 2.605700 ms  DeleteObjects: 0.360500 ms)

AssetImportParameters requested are different than current active one (requested -> active):
  custom:video-decoder-ogg-theora: a1e56fd34408186e4bbccfd4996cb3dc -> 
  custom:container-muxer-webm: aa71ff27fc2769a1b78a27578f13a17b -> 
  custom:container-demuxer-webm: 4f35f7cbe854078d1ac9338744f61a02 -> 
  custom:video-encoder-webm-vp8: eb34c28f22e8b96e1ab97ce403110664 -> 
  custom:audio-encoder-webm-vorbis: bf7c407c2cedff20999df2af8eb42d56 -> 
  custom:framework-win-MediaFoundation: 216162199b28c13a410421893ffa2e32 -> 
  custom:container-demuxer-ogg: 62fdf1f143b41e24485cea50d1cbac27 -> 
  custom:video-decoder-webm-vp8: 9c59270c3fd7afecdb556c50c9e8de78 -> 
  custom:audio-decoder-ogg-vorbis: bf7c407c2cedff20999df2af8eb42d56 -> 
========================================================================
Received Import Request.
  Time since last request: 755696.428275 seconds.
  path: Assets/Models/Characters/regina.fbm/Regina_Body_Gloss.png
  artifactKey: Guid(dbfcebe29678e794e817ab55b37903cb) Importer(815301076,1909f56bfc062723c751e8b465ee728b)
Start importing Assets/Models/Characters/regina.fbm/Regina_Body_Gloss.png using Guid(dbfcebe29678e794e817ab55b37903cb) Importer(815301076,1909f56bfc062723c751e8b465ee728b)  -> (artifact id: '00000000000000000000000000000000') in 0.104378 seconds  code(4) message(Build asset version error: assets/models/characters/regina.fbm/regina_body_gloss.png in SourceAssetDB has modification time of '2022-03-20T17:17:49.5954905Z' while content on disk has modification time of '2022-03-20T17:17:52.3145341Z')
  ERROR: Build asset version error: assets/models/characters/regina.fbm/regina_body_gloss.png in SourceAssetDB has modification time of '2022-03-20T17:17:49.5954905Z' while content on disk has modification time of '2022-03-20T17:17:52.3145341Z'
========================================================================
Received Import Request.
  Time since last request: 0.000033 seconds.
  path: Assets/Models/Characters/regina.fbm/Regina_Bottom_Normal.png
  artifactKey: Guid(bfeabe5d9fc1f24498415cae80c93756) Importer(815301076,1909f56bfc062723c751e8b465ee728b)
Start importing Assets/Models/Characters/regina.fbm/Regina_Bottom_Normal.png using Guid(bfeabe5d9fc1f24498415cae80c93756) Importer(815301076,1909f56bfc062723c751e8b465ee728b)  -> (artifact id: '4d9b2ad7bb0dd0f9a97552555607b745') in 0.043520 seconds 
========================================================================
Received Import Request.
  Time since last request: 0.000028 seconds.
  path: Assets/Models/Characters/regina.fbm/Regina_Hair_Diffuse.png
  artifactKey: Guid(2ae6a2a8016e2ab4e903f4dd40795cff) Importer(815301076,1909f56bfc062723c751e8b465ee728b)
Start importing Assets/Models/Characters/regina.fbm/Regina_Hair_Diffuse.png using Guid(2ae6a2a8016e2ab4e903f4dd40795cff) Importer(815301076,1909f56bfc062723c751e8b465ee728b)  -> (artifact id: '00000000000000000000000000000000') in 0.009377 seconds  code(4) message(Build asset version error: assets/models/characters/regina.fbm/regina_hair_diffuse.png in SourceAssetDB has modification time of '2022-03-20T17:17:49.6155104Z' while content on disk has modification time of '2022-03-20T17:17:52.3265458Z')
  ERROR: Build asset version error: assets/models/characters/regina.fbm/regina_hair_diffuse.png in SourceAssetDB has modification time of '2022-03-20T17:17:49.6155104Z' while content on disk has modification time of '2022-03-20T17:17:52.3265458Z'
========================================================================
Received Import Request.
  Time since last request: 0.000034 seconds.
  path: Assets/Models/Characters/regina.fbm/Regina_Hair_Gloss.png
  artifactKey: Guid(f2681bd24ef55674195689a74f7e3113) Importer(815301076,1909f56bfc062723c751e8b465ee728b)
Start importing Assets/Models/Characters/regina.fbm/Regina_Hair_Gloss.png using Guid(f2681bd24ef55674195689a74f7e3113) Importer(815301076,1909f56bfc062723c751e8b465ee728b)  -> (artifact id: '00000000000000000000000000000000') in 0.006886 seconds  code(4) message(Build asset version error: assets/models/characters/regina.fbm/regina_hair_gloss.png in SourceAssetDB has modification time of '2022-03-20T17:17:49.6195118Z' while content on disk has modification time of '2022-03-20T17:17:52.3295483Z')
  ERROR: Build asset version error: assets/models/characters/regina.fbm/regina_hair_gloss.png in SourceAssetDB has modification time of '2022-03-20T17:17:49.6195118Z' while content on disk has modification time of '2022-03-20T17:17:52.3295483Z'
========================================================================
Received Import Request.
  Time since last request: 0.000027 seconds.
  path: Assets/Models/Characters/regina.fbm/Regina_Hat_Specular.png
  artifactKey: Guid(5c6fce2e921f93448817492d8720621e) Importer(815301076,1909f56bfc062723c751e8b465ee728b)
Start importing Assets/Models/Characters/regina.fbm/Regina_Hat_Specular.png using Guid(5c6fce2e921f93448817492d8720621e) Importer(815301076,1909f56bfc062723c751e8b465ee728b)  -> (artifact id: '00000000000000000000000000000000') in 0.009408 seconds  code(4) message(Build asset version error: assets/models/characters/regina.fbm/regina_hat_specular.png in SourceAssetDB has modification time of '2022-03-20T17:17:49.6135075Z' while content on disk has modification time of '2022-03-20T17:17:52.3255455Z')
  ERROR: Build asset version error: assets/models/characters/regina.fbm/regina_hat_specular.png in SourceAssetDB has modification time of '2022-03-20T17:17:49.6135075Z' while content on disk has modification time of '2022-03-20T17:17:52.3255455Z'
========================================================================
Received Import Request.
  Time since last request: 0.000023 seconds.
  path: Assets/Models/Characters/regina.fbm/Regina_Top_Diffuse.png
  artifactKey: Guid(6ecb814cf02d899479198b608647054f) Importer(815301076,1909f56bfc062723c751e8b465ee728b)
Start importing Assets/Models/Characters/regina.fbm/Regina_Top_Diffuse.png using Guid(6ecb814cf02d899479198b608647054f) Importer(815301076,1909f56bfc062723c751e8b465ee728b)  -> (artifact id: '00000000000000000000000000000000') in 0.008748 seconds  code(4) message(Build asset version error: assets/models/characters/regina.fbm/regina_top_diffuse.png in SourceAssetDB has modification time of '2022-03-20T17:17:49.5504497Z' while content on disk has modification time of '2022-03-20T17:17:52.299515Z')
  ERROR: Build asset version error: assets/models/characters/regina.fbm/regina_top_diffuse.png in SourceAssetDB has modification time of '2022-03-20T17:17:49.5504497Z' while content on disk has modification time of '2022-03-20T17:17:52.299515Z'
========================================================================
Received Import Request.
  Time since last request: 0.000024 seconds.
  path: Assets/Models/Characters/regina.fbm/Regina_Hat_Normal.png
  artifactKey: Guid(5c38d8f2f3975fc4490b86f9e110ebc7) Importer(815301076,1909f56bfc062723c751e8b465ee728b)
Start importing Assets/Models/Characters/regina.fbm/Regina_Hat_Normal.png using Guid(5c38d8f2f3975fc4490b86f9e110ebc7) Importer(815301076,1909f56bfc062723c751e8b465ee728b)  -> (artifact id: 'fb43cf5c826ea2ee4c95f7d2585eaef5') in 0.015091 seconds 
========================================================================
Received Import Request.
  Time since last request: 0.000036 seconds.
  path: Assets/Models/Characters/regina.fbm/Regina_Hat_Opacity.png
  artifactKey: Guid(d829e485519c4ab47944e6317fc48400) Importer(815301076,1909f56bfc062723c751e8b465ee728b)
Start importing Assets/Models/Characters/regina.fbm/Regina_Hat_Opacity.png using Guid(d829e485519c4ab47944e6317fc48400) Importer(815301076,1909f56bfc062723c751e8b465ee728b)  -> (artifact id: '00000000000000000000000000000000') in 0.008005 seconds  code(4) message(Build asset version error: assets/models/characters/regina.fbm/regina_hat_opacity.png in SourceAssetDB has modification time of '2022-03-20T17:17:49.6125066Z' while content on disk has modification time of '2022-03-20T17:17:52.3245437Z')
  ERROR: Build asset version error: assets/models/characters/regina.fbm/regina_hat_opacity.png in SourceAssetDB has modification time of '2022-03-20T17:17:49.6125066Z' while content on disk has modification time of '2022-03-20T17:17:52.3245437Z'
========================================================================
Received Import Request.
  Time since last request: 0.000018 seconds.
  path: Assets/Models/Characters/regina.fbm/Regina_Shoes_Specular.png
  artifactKey: Guid(e212a046d23bdb04c882746fe9b975e3) Importer(815301076,1909f56bfc062723c751e8b465ee728b)
Start importing Assets/Models/Characters/regina.fbm/Regina_Shoes_Specular.png using Guid(e212a046d23bdb04c882746fe9b975e3) Importer(815301076,1909f56bfc062723c751e8b465ee728b)  -> (artifact id: '00000000000000000000000000000000') in 0.006447 seconds  code(4) message(Build asset version error: assets/models/characters/regina.fbm/regina_shoes_specular.png in SourceAssetDB has modification time of '2022-03-20T17:17:49.5984934Z' while content on disk has modification time of '2022-03-20T17:17:52.317538Z')
  ERROR: Build asset version error: assets/models/characters/regina.fbm/regina_shoes_specular.png in SourceAssetDB has modification time of '2022-03-20T17:17:49.5984934Z' while content on disk has modification time of '2022-03-20T17:17:52.317538Z'
========================================================================
Received Import Request.
  Time since last request: 0.000022 seconds.
  path: Assets/Models/Characters/regina.fbm/Regina_Body_Opacity.png
  artifactKey: Guid(421db295fb9233b43800fea570b6695f) Importer(815301076,1909f56bfc062723c751e8b465ee728b)
Start importing Assets/Models/Characters/regina.fbm/Regina_Body_Opacity.png using Guid(421db295fb9233b43800fea570b6695f) Importer(815301076,1909f56bfc062723c751e8b465ee728b)  -> (artifact id: '00000000000000000000000000000000') in 0.010739 seconds  code(4) message(Build asset version error: assets/models/characters/regina.fbm/regina_body_opacity.png in SourceAssetDB has modification time of '2022-03-20T17:17:49.577474Z' while content on disk has modification time of '2022-03-20T17:17:52.3095298Z')
  ERROR: Build asset version error: assets/models/characters/regina.fbm/regina_body_opacity.png in SourceAssetDB has modification time of '2022-03-20T17:17:49.577474Z' while content on disk has modification time of '2022-03-20T17:17:52.3095298Z'
========================================================================
Received Import Request.
  Time since last request: 0.000029 seconds.
  path: Assets/Models/Characters/regina.fbm/Regina_Body_Normal.png
  artifactKey: Guid(f30f9642a24203247bc6500d4ed1ba9d) Importer(815301076,1909f56bfc062723c751e8b465ee728b)
Start importing Assets/Models/Characters/regina.fbm/Regina_Body_Normal.png using Guid(f30f9642a24203247bc6500d4ed1ba9d) Importer(815301076,1909f56bfc062723c751e8b465ee728b)  -> (artifact id: 'e77da2ac7e4d42b429d30b84ce578c7f') in 0.030412 seconds 
